2023-04-02 23:45:37.298700 - Initialized conversion of CBT361
2023-04-02 23:45:37.564031 - Received CBT.V504.FILE361.PDS from FILE361.XMI 
2023-04-02 23:45:37.566616 - Found $CHANGE.txt (text/plain) in CBT.V504.FILE361.PDS, moved to PDS/$CHANGE
2023-04-02 23:45:37.567680 - Found $NOTESAM.txt (text/plain) in CBT.V504.FILE361.PDS, moved to PDS/$NOTESAM
2023-04-02 23:45:37.568871 - Found $SETRC.txt (text/plain) in CBT.V504.FILE361.PDS, moved to PDS/$SETRC
2023-04-02 23:45:37.570050 - Found @FILE361.txt (text/plain) in CBT.V504.FILE361.PDS, moved to PDS/@FILE361
2023-04-02 23:45:37.571084 - Found @FILE362.txt (text/plain) in CBT.V504.FILE361.PDS, moved to PDS/@FILE362
2023-04-02 23:45:37.572118 - Found BINSRCH.txt (text/plain) in CBT.V504.FILE361.PDS, moved to PDS/BINSRCH
2023-04-02 23:45:37.573113 - Found CHAIN.txt (text/plain) in CBT.V504.FILE361.PDS, moved to PDS/CHAIN
2023-04-02 23:45:37.574218 - Found CXYPLASM.jcl (text/plain) in CBT.V504.FILE361.PDS, moved to PDS/CXYPLASM
2023-04-02 23:45:37.575200 - Found CXYPSASM.jcl (text/plain) in CBT.V504.FILE361.PDS, moved to PDS/CXYPSASM
2023-04-02 23:45:37.576321 - Found CXYPSCAN.txt (text/plain) in CBT.V504.FILE361.PDS, moved to PDS/CXYPSCAN
2023-04-02 23:45:37.577406 - Found CXYPSDOC.txt (text/plain) in CBT.V504.FILE361.PDS, moved to PDS/CXYPSDOC
2023-04-02 23:45:37.578407 - Found EQUBITS.txt (text/plain) in CBT.V504.FILE361.PDS, moved to PDS/EQUBITS
2023-04-02 23:45:37.579518 - Found EQUREGS.txt (text/plain) in CBT.V504.FILE361.PDS, moved to PDS/EQUREGS
2023-04-02 23:45:37.580511 - Found PDSSCAN.txt (text/plain) in CBT.V504.FILE361.PDS, moved to PDS/PDSSCAN
2023-04-02 23:45:37.581512 - Found PSCAN.txt (text/plain) in CBT.V504.FILE361.PDS, moved to PDS/PSCAN
2023-04-02 23:45:37.582468 - Found SXNRSU09.txt (text/plain) in CBT.V504.FILE361.PDS, moved to PDS/SXNRSU09
2023-04-02 23:45:37.583592 - Found TAPESCAS.jcl (text/plain) in CBT.V504.FILE361.PDS, moved to PDS/TAPESCAS
2023-04-02 23:45:37.584632 - Found TAPESC50.txt (text/plain) in CBT.V504.FILE361.PDS, moved to PDS/TAPESC50
2023-04-02 23:45:37.585567 - Found TESTSCAN.jcl (text/plain) in CBT.V504.FILE361.PDS, moved to PDS/TESTSCAN
2023-04-02 23:45:37.586487 - Found TESTTPSC.jcl (text/plain) in CBT.V504.FILE361.PDS, moved to PDS/TESTTPSC
2023-04-02 23:45:37.587556 - Found TESTZZRL.jcl (text/plain) in CBT.V504.FILE361.PDS, moved to PDS/TESTZZRL
2023-04-02 23:45:37.588894 - Found XMTZIPLD.jcl (text/plain) in CBT.V504.FILE361.PDS, moved to PDS/XMTZIPLD
2023-04-02 23:45:37.590038 - Found XMTZIPSR.jcl (text/plain) in CBT.V504.FILE361.PDS, moved to PDS/XMTZIPSR
2023-04-02 23:45:37.591274 - Found ZZMESAGE.txt (text/plain) in CBT.V504.FILE361.PDS, moved to PDS/ZZMESAGE
2023-04-02 23:45:37.592422 - Found ZZRELASM.jcl (text/plain) in CBT.V504.FILE361.PDS, moved to PDS/ZZRELASM
2023-04-02 23:45:37.593476 - Found ZZRELCOM.txt (text/plain) in CBT.V504.FILE361.PDS, moved to PDS/ZZRELCOM
2023-04-02 23:45:37.594501 - Found ZZRELINK.txt (text/plain) in CBT.V504.FILE361.PDS, moved to PDS/ZZRELINK
2023-04-02 23:45:37.595615 - Found ZZRESCAN.txt (text/plain) in CBT.V504.FILE361.PDS, moved to PDS/ZZRESCAN
2023-04-02 23:45:37.596790 - Found ZZROVBLD.txt (text/plain) in CBT.V504.FILE361.PDS, moved to PDS/ZZROVBLD
2023-04-02 23:45:37.597787 - Found ZZROVCRD.txt (text/plain) in CBT.V504.FILE361.PDS, moved to PDS/ZZROVCRD
2023-04-02 23:45:37.597921 - No @FILExxx or @FILxxxx detected, creating README.md without extra info
